#
# A fatal error has been detected by the Java Runtime Environment:
#
#  SIGSEGV (0xb) at pc=0x000000010a446914, pid=87899, tid=14855
#
# JRE version: Java(TM) SE Runtime Environment (8.0_60-b27) (build 1.8.0_60-b27)
# Java VM: Java HotSpot(TM) 64-Bit Server VM (25.60-b23 mixed mode bsd-amd64 compressed oops)
# Problematic frame:
# V  [libjvm.dylib+0x446914]  Method::checked_resolve_jmethod_id(_jmethodID*)+0xe
#
# Failed to write core dump. Core dumps have been disabled. To enable core dumping, try "ulimit -c unlimited" before starting Java again
#
# If you would like to submit a bug report, please visit:
#   http://bugreport.java.com/bugreport/crash.jsp
#

---------------  T H R E A D  ---------------

Current thread (0x00007f808b00d000):  JavaThread "JDWP Transport Listener: dt_socket" daemon [_thread_in_vm, id=14855, stack(0x0000700010976000,0x0000700010a76000)]

siginfo: si_signo: 11 (SIGSEGV), si_code: 0 (unknown), si_addr: 0x0000000000000000

Registers:
RAX=0x0000000000000001, RBX=0x0000700010a75aab, RCX=0x000000010a815310, RDX=0x0000700010a75aab
RSP=0x0000700010a759f0, RBP=0x0000700010a75a00, RSI=0x00007f808b00d000, RDI=0x4465636e65003b6f
R8 =0x0000000000000000, R9 =0x00007f808c204810, R10=0x0000000000000001, R11=0x0000000000000001
R12=0x00007f808b00d000, R13=0x4465636e65003b6f, R14=0x4465636e65003b6f, R15=0x00007f808a510220
RIP=0x000000010a446914, EFLAGS=0x0000000000010206, ERR=0x0000000000000000
  TRAPNO=0x000000000000000d

Top of Stack: (sp=0x0000700010a759f0)
0x0000700010a759f0:   0000700010a75aab 0000700010a75aab
0x0000700010a75a00:   0000700010a75a60 000000010a355a0e
0x0000700010a75a10:   00007f808b00d000 0000000000000000
0x0000700010a75a20:   0000000000000000 0000000000000000
0x0000700010a75a30:   00007f808b00d000 00007f808b00d000
0x0000700010a75a40:   0000700010a75aab 0000700010a75ab0
0x0000700010a75a50:   4465636e65003b6f 0000000000000005
0x0000700010a75a60:   0000700010a75a80 0000000108f40780
0x0000700010a75a70:   0000000000000001 0000700010a75b28
0x0000700010a75a80:   0000700010a75af0 0000000108f251f3
0x0000700010a75a90:   0000700010a75ac0 00007f808c2047e0
0x0000700010a75aa0:   0000000600000032 f000100a01a75b28
0x0000700010a75ab0:   0000000000000000 0000000000000000
0x0000700010a75ac0:   0000000000000000 0000700010a75cb0
0x0000700010a75ad0:   0000000108f47e7a 00007f808c111170
0x0000700010a75ae0:   0000700010a75b28 0000000108f53598
0x0000700010a75af0:   0000700010a75b00 0000000108f252ec
0x0000700010a75b00:   0000700010a75d20 0000000108f2e898
0x0000700010a75b10:   00000a7200000013 00000000000f0200
0x0000700010a75b20:   00007f808c107310 00007f808c204a5a
0x0000700010a75b30:   000000000000021e 00007f808c2049c0
0x0000700010a75b40:   000000000000012c 0000700010a75b78
0x0000700010a75b50:   00007f808c2049c0 00007f0000000000
0x0000700010a75b60:   00000a720000001c 00007f800000e180
0x0000700010a75b70:   0000700010a75b78 807f000006000000
0x0000700010a75b80:   060000004055628a 00003e74696e693c
0x0000700010a75b90:   0000005629280300 7f00000100000000
0x0000700010a75ba0:   0000004855628a80 0000006e69616d04
0x0000700010a75bb0:   6176616a4c5b2816 74532f676e616c2f
0x0000700010a75bc0:   0056293b676e6972 0009000000000000
0x0000700010a75bd0:   005855628a807f00 6f68746977100000
0x0000700010a75be0:   7461726574497475 28150000006e6f69 

Instructions: (pc=0x000000010a446914)
0x000000010a4468f4:   40 48 48 85 c0 75 e0 30 c0 0f b6 c0 5d c3 31 c0
0x000000010a446904:   5d c3 55 48 89 e5 53 48 83 ec 08 48 85 ff 74 24
0x000000010a446914:   48 8b 1f 48 85 db 74 1c 48 83 fb 37 74 16 48 8b
0x000000010a446924:   03 48 89 df ff 50 10 84 c0 b8 00 00 00 00 48 0f 

Register to memory mapping:

RAX=0x0000000000000001 is an unknown value
RBX=0x0000700010a75aab is pointing into the stack for thread: 0x00007f808b00d000
RCX=0x000000010a815310: UseMembar+0 in /Library/Java/JavaVirtualMachines/jdk1.8.0_60.jdk/Contents/Home/jre/lib/server/libjvm.dylib at 0x000000010a000000
RDX=0x0000700010a75aab is pointing into the stack for thread: 0x00007f808b00d000
RSP=0x0000700010a759f0 is pointing into the stack for thread: 0x00007f808b00d000
RBP=0x0000700010a75a00 is pointing into the stack for thread: 0x00007f808b00d000
RSI=0x00007f808b00d000 is a thread
RDI=0x4465636e65003b6f is an unknown value
R8 =0x0000000000000000 is an unknown value
R9 =0x00007f808c204810 is an unknown value
R10=0x0000000000000001 is an unknown value
R11=0x0000000000000001 is an unknown value
R12=0x00007f808b00d000 is a thread
R13=0x4465636e65003b6f is an unknown value
R14=0x4465636e65003b6f is an unknown value
R15=0x00007f808a510220 is an unknown value


Stack: [0x0000700010976000,0x0000700010a76000],  sp=0x0000700010a759f0,  free space=1022k
Native frames: (J=compiled Java code, j=interpreted, Vv=VM code, C=native code)
V  [libjvm.dylib+0x446914]  Method::checked_resolve_jmethod_id(_jmethodID*)+0xe
V  [libjvm.dylib+0x355a0e]  jvmti_IsMethodSynthetic+0xb2
C  [libjdwp.dylib+0x20780]  isMethodSynthetic+0x63
C  [libjdwp.dylib+0x51f3]  methods1+0x10b
C  [libjdwp.dylib+0x52ec]  methodsWithGeneric+0xe
C  [libjdwp.dylib+0xe898]  debugLoop_run+0x1ce
C  [libjdwp.dylib+0x1f6ba]  attachThread+0x4d
V  [libjvm.dylib+0x396d6c]  JvmtiAgentThread::call_start_function()+0x38
V  [libjvm.dylib+0x5612d3]  JavaThread::thread_main_inner()+0x9b
V  [libjvm.dylib+0x5629ce]  JavaThread::run()+0x1c2
V  [libjvm.dylib+0x48343a]  java_start(Thread*)+0xf6
C  [libsystem_pthread.dylib+0x3339]  _pthread_body+0x7e
C  [libsystem_pthread.dylib+0x62a7]  _pthread_start+0x46
C  [libsystem_pthread.dylib+0x2445]  thread_start+0xd
C  0x0000000000000000


---------------  P R O C E S S  ---------------

Java Threads: ( => current thread )
  0x00007f808d800000 JavaThread "Service Thread" daemon [_thread_blocked, id=43011, stack(0x000070001108b000,0x000070001118b000)]
  0x00007f808a82b000 JavaThread "C1 CompilerThread3" daemon [_thread_blocked, id=21763, stack(0x0000700010f88000,0x0000700011088000)]
  0x00007f808a829000 JavaThread "C2 CompilerThread2" daemon [_thread_blocked, id=16643, stack(0x0000700010e85000,0x0000700010f85000)]
  0x00007f808a82a000 JavaThread "C2 CompilerThread1" daemon [_thread_blocked, id=16131, stack(0x0000700010d82000,0x0000700010e82000)]
  0x00007f808d025800 JavaThread "C2 CompilerThread0" daemon [_thread_blocked, id=15875, stack(0x0000700010c7f000,0x0000700010d7f000)]
  0x00007f808c83a800 JavaThread "JDWP Command Reader" daemon [_thread_in_native, id=15619, stack(0x0000700010b7c000,0x0000700010c7c000)]
  0x00007f808d024000 JavaThread "JDWP Event Helper Thread" daemon [_thread_blocked, id=17667, stack(0x0000700010a79000,0x0000700010b79000)]
=>0x00007f808b00d000 JavaThread "JDWP Transport Listener: dt_socket" daemon [_thread_in_vm, id=14855, stack(0x0000700010976000,0x0000700010a76000)]
  0x00007f808c828800 JavaThread "Signal Dispatcher" daemon [_thread_blocked, id=18179, stack(0x0000700010873000,0x0000700010973000)]
  0x00007f808d04b000 JavaThread "Finalizer" daemon [_thread_blocked, id=13315, stack(0x0000700010770000,0x0000700010870000)]
  0x00007f808d04a800 JavaThread "Reference Handler" daemon [_thread_blocked, id=13059, stack(0x000070001066d000,0x000070001076d000)]
  0x00007f808c802000 JavaThread "main" [_thread_blocked, id=6147, stack(0x000070000fc4f000,0x000070000fd4f000)]

Other Threads:
  0x00007f808c811000 VMThread [stack: 0x000070001056a000,0x000070001066a000] [id=12803]
  0x00007f808a838000 WatcherThread [stack: 0x000070001118e000,0x000070001128e000] [id=42499]

VM state:not at safepoint (normal execution)

VM Mutex/Monitor currently owned by a thread: None

Heap:
 PSYoungGen      total 76288K, used 6553K [0x000000076ab00000, 0x0000000770000000, 0x00000007c0000000)
  eden space 65536K, 10% used [0x000000076ab00000,0x000000076b166768,0x000000076eb00000)
  from space 10752K, 0% used [0x000000076f580000,0x000000076f580000,0x0000000770000000)
  to   space 10752K, 0% used [0x000000076eb00000,0x000000076eb00000,0x000000076f580000)
 ParOldGen       total 175104K, used 0K [0x00000006c0000000, 0x00000006cab00000, 0x000000076ab00000)
  object space 175104K, 0% used [0x00000006c0000000,0x00000006c0000000,0x00000006cab00000)
 Metaspace       used 3511K, capacity 4710K, committed 4864K, reserved 1056768K
  class space    used 396K, capacity 458K, committed 512K, reserved 1048576K

Card table byte_map: [0x000000010b349000,0x000000010bb4a000] byte_map_base: 0x0000000107d49000

Marking Bits: (ParMarkBitMap*) 0x000000010a8dee20
 Begin Bits: [0x000000011c407000, 0x0000000120407000)
 End Bits:   [0x0000000120407000, 0x0000000124407000)

Polling page: 0x0000000108f1f000

CodeCache: size=245760Kb used=1113Kb max_used=1113Kb free=244646Kb
 bounds [0x000000010d407000, 0x000000010d677000, 0x000000011c407000]
 total_blobs=309 nmethods=62 adapters=170
 compilation: enabled

Compilation events (10 events):
Event: 0.110 Thread 0x00007f808a82b000   11       3       java.lang.String::indexOf (7 bytes)
Event: 0.110 Thread 0x00007f808a82b000 nmethod 11 0x000000010d513990 code [0x000000010d513b00, 0x000000010d513d28]
Event: 0.110 Thread 0x00007f808a82b000   13       1       java.io.File::getPath (5 bytes)
Event: 0.110 Thread 0x00007f808a82b000 nmethod 13 0x000000010d513dd0 code [0x000000010d513f20, 0x000000010d514030]
Event: 0.110 Thread 0x00007f808a82b000   15       1       java.lang.StringCoding$StringEncoder::requestedCharsetName (5 bytes)
Event: 0.111 Thread 0x00007f808a82b000 nmethod 15 0x000000010d514090 code [0x000000010d5141e0, 0x000000010d5142f0]
Event: 0.111 Thread 0x00007f808a82b000   16       3       java.lang.String::getChars (62 bytes)
Event: 0.111 Thread 0x00007f808a82b000 nmethod 16 0x000000010d514350 code [0x000000010d514520, 0x000000010d5149b8]
Event: 0.119 Thread 0x00007f808a82b000   17       3       java.lang.AbstractStringBuilder::append (50 bytes)
Event: 0.120 Thread 0x00007f808a82b000 nmethod 17 0x000000010d515690 code [0x000000010d515840, 0x000000010d515d68]

GC Heap History (0 events):
No events

Deoptimization events (0 events):
No events

Internal exceptions (4 events):
Event: 0.040 Thread 0x00007f808c802000 Exception <a 'java/lang/NoSuchMethodError': Method sun.misc.Unsafe.defineClass(Ljava/lang/String;[BII)Ljava/lang/Class; name or signature does not match> (0x000000076ab12ab8) thrown at [/Users/java_re/workspace/8-2-build-macosx-x86_64/jdk8u60/4407/hotspot
Event: 0.040 Thread 0x00007f808c802000 Exception <a 'java/lang/NoSuchMethodError': Method sun.misc.Unsafe.prefetchRead(Ljava/lang/Object;J)V name or signature does not match> (0x000000076ab12da0) thrown at [/Users/java_re/workspace/8-2-build-macosx-x86_64/jdk8u60/4407/hotspot/src/share/vm/prim
Event: 49.314 Thread 0x00007f808c802000 Exception <a 'java/lang/NoSuchFieldError': method resolution failed> (0x000000076b03b7a0) thrown at [/Users/java_re/workspace/8-2-build-macosx-x86_64/jdk8u60/4407/hotspot/src/share/vm/prims/methodHandles.cpp, line 1146]
Event: 49.346 Thread 0x00007f808c802000 Exception <a 'java/lang/NoSuchFieldError': method resolution failed> (0x000000076b048ba0) thrown at [/Users/java_re/workspace/8-2-build-macosx-x86_64/jdk8u60/4407/hotspot/src/share/vm/prims/methodHandles.cpp, line 1146]

Events (10 events):
Event: 326.496 Executing VM operation: GetCurrentLocation
Event: 326.496 Executing VM operation: GetCurrentLocation done
Event: 326.496 Executing VM operation: EnterInterpOnlyMode
Event: 326.496 Executing VM operation: EnterInterpOnlyMode done
Event: 326.496 Executing VM operation: ChangeSingleStep
Event: 326.496 Executing VM operation: ChangeSingleStep done
Event: 326.496 Executing VM operation: ChangeSingleStep
Event: 326.496 Executing VM operation: ChangeSingleStep done
Event: 326.499 Executing VM operation: RedefineClasses
Event: 326.499 Executing VM operation: RedefineClasses done


Dynamic libraries:
0x0000000015363000 	/System/Library/Frameworks/Cocoa.framework/Versions/A/Cocoa
0x0000000015363000 	/System/Library/Frameworks/Security.framework/Versions/A/Security
0x0000000015363000 	/System/Library/Frameworks/ApplicationServices.framework/Versions/A/ApplicationServices
0x0000000015363000 	/usr/lib/libz.1.dylib
0x0000000015363000 	/usr/lib/libSystem.B.dylib
0x0000000015363000 	/usr/lib/libobjc.A.dylib
0x0000000015363000 	/System/Library/Frameworks/CoreFoundation.framework/Versions/A/CoreFoundation
0x0000000015363000 	/System/Library/Frameworks/Foundation.framework/Versions/C/Foundation
0x0000000015363000 	/System/Library/Frameworks/AppKit.framework/Versions/C/AppKit
0x0000000015363000 	/System/Library/Frameworks/CoreData.framework/Versions/A/CoreData
0x0000000015363000 	/System/Library/PrivateFrameworks/RemoteViewServices.framework/Versions/A/RemoteViewServices
0x0000000015363000 	/System/Library/PrivateFrameworks/UIFoundation.framework/Versions/A/UIFoundation
0x0000000015363000 	/System/Library/PrivateFrameworks/XCTTargetBootstrap.framework/Versions/A/XCTTargetBootstrap
0x0000000015363000 	/System/Library/PrivateFrameworks/IconServices.framework/Versions/A/IconServices
0x0000000015363000 	/System/Library/Frameworks/Metal.framework/Versions/A/Metal
0x0000000015363000 	/System/Library/PrivateFrameworks/DesktopServicesPriv.framework/Versions/A/DesktopServicesPriv
0x0000000015363000 	/usr/lib/libenergytrace.dylib
0x0000000015363000 	/System/Library/PrivateFrameworks/SkyLight.framework/Versions/A/SkyLight
0x0000000015363000 	/System/Library/Frameworks/CoreGraphics.framework/Versions/A/CoreGraphics
0x0000000015363000 	/System/Library/Frameworks/Accelerate.framework/Versions/A/Accelerate
0x0000000015363000 	/System/Library/Frameworks/IOSurface.framework/Versions/A/IOSurface
0x0000000015363000 	/System/Library/PrivateFrameworks/DFRFoundation.framework/Versions/A/DFRFoundation
0x0000000015363000 	/System/Library/Frameworks/AudioToolbox.framework/Versions/A/AudioToolbox
0x0000000015363000 	/System/Library/Frameworks/AudioUnit.framework/Versions/A/AudioUnit
0x0000000015363000 	/System/Library/PrivateFrameworks/DataDetectorsCore.framework/Versions/A/DataDetectorsCore
0x0000000015363000 	/System/Library/Frameworks/Carbon.framework/Versions/A/Frameworks/HIToolbox.framework/Versions/A/HIToolbox
0x0000000015363000 	/usr/lib/libicucore.A.dylib
0x0000000015363000 	/System/Library/Frameworks/QuartzCore.framework/Versions/A/QuartzCore
0x0000000015363000 	/System/Library/Frameworks/Carbon.framework/Versions/A/Frameworks/SpeechRecognition.framework/Versions/A/SpeechRecognition
0x0000000015363000 	/usr/lib/libauto.dylib
0x0000000015363000 	/usr/lib/libxml2.2.dylib
0x0000000015363000 	/System/Library/PrivateFrameworks/CoreUI.framework/Versions/A/CoreUI
0x0000000015363000 	/System/Library/Frameworks/CoreAudio.framework/Versions/A/CoreAudio
0x0000000015363000 	/System/Library/Frameworks/DiskArbitration.framework/Versions/A/DiskArbitration
0x0000000015363000 	/usr/lib/liblangid.dylib
0x0000000015363000 	/System/Library/PrivateFrameworks/MultitouchSupport.framework/Versions/A/MultitouchSupport
0x0000000015363000 	/System/Library/Frameworks/IOKit.framework/Versions/A/IOKit
0x0000000015363000 	/usr/lib/libDiagnosticMessagesClient.dylib
0x0000000015363000 	/System/Library/Frameworks/CoreServices.framework/Versions/A/CoreServices
0x0000000015363000 	/System/Library/PrivateFrameworks/PerformanceAnalysis.framework/Versions/A/PerformanceAnalysis
0x0000000015363000 	/System/Library/Frameworks/OpenGL.framework/Versions/A/OpenGL
0x0000000015363000 	/System/Library/Frameworks/ColorSync.framework/Versions/A/ColorSync
0x0000000015363000 	/System/Library/Frameworks/CoreImage.framework/Versions/A/CoreImage
0x0000000015363000 	/System/Library/Frameworks/CoreText.framework/Versions/A/CoreText
0x0000000015363000 	/System/Library/Frameworks/ImageIO.framework/Versions/A/ImageIO
0x0000000015363000 	/System/Library/PrivateFrameworks/Backup.framework/Versions/A/Backup
0x0000000015363000 	/usr/lib/libarchive.2.dylib
0x0000000015363000 	/System/Library/Frameworks/CFNetwork.framework/Versions/A/CFNetwork
0x0000000015363000 	/System/Library/Frameworks/SystemConfiguration.framework/Versions/A/SystemConfiguration
0x0000000015363000 	/usr/lib/libCRFSuite.dylib
0x0000000015363000 	/usr/lib/libc++.1.dylib
0x0000000015363000 	/usr/lib/libc++abi.dylib
0x0000000015363000 	/usr/lib/system/libcache.dylib
0x0000000015363000 	/usr/lib/system/libcommonCrypto.dylib
0x0000000015363000 	/usr/lib/system/libcompiler_rt.dylib
0x0000000015363000 	/usr/lib/system/libcopyfile.dylib
0x0000000015363000 	/usr/lib/system/libcorecrypto.dylib
0x0000000015363000 	/usr/lib/system/libdispatch.dylib
0x0000000015363000 	/usr/lib/system/libdyld.dylib
0x0000000015363000 	/usr/lib/system/libkeymgr.dylib
0x0000000015363000 	/usr/lib/system/liblaunch.dylib
0x0000000015363000 	/usr/lib/system/libmacho.dylib
0x0000000015363000 	/usr/lib/system/libquarantine.dylib
0x0000000015363000 	/usr/lib/system/libremovefile.dylib
0x0000000015363000 	/usr/lib/system/libsystem_asl.dylib
0x0000000015363000 	/usr/lib/system/libsystem_blocks.dylib
0x0000000015363000 	/usr/lib/system/libsystem_c.dylib
0x0000000015363000 	/usr/lib/system/libsystem_configuration.dylib
0x0000000015363000 	/usr/lib/system/libsystem_coreservices.dylib
0x0000000015363000 	/usr/lib/system/libsystem_darwin.dylib
0x0000000015363000 	/usr/lib/system/libsystem_dnssd.dylib
0x0000000015363000 	/usr/lib/system/libsystem_info.dylib
0x0000000015363000 	/usr/lib/system/libsystem_m.dylib
0x0000000015363000 	/usr/lib/system/libsystem_malloc.dylib
0x0000000015363000 	/usr/lib/system/libsystem_networkextension.dylib
0x0000000015363000 	/usr/lib/system/libsystem_notify.dylib
0x0000000015363000 	/usr/lib/system/libsystem_sandbox.dylib
0x0000000015363000 	/usr/lib/system/libsystem_secinit.dylib
0x0000000015363000 	/usr/lib/system/libsystem_kernel.dylib
0x0000000015363000 	/usr/lib/system/libsystem_platform.dylib
0x0000000015363000 	/usr/lib/system/libsystem_pthread.dylib
0x0000000015363000 	/usr/lib/system/libsystem_symptoms.dylib
0x0000000015363000 	/usr/lib/system/libsystem_trace.dylib
0x0000000015363000 	/usr/lib/system/libunwind.dylib
0x0000000015363000 	/usr/lib/system/libxpc.dylib
0x0000000015363000 	/usr/lib/libbsm.0.dylib
0x0000000015363000 	/usr/lib/system/libkxld.dylib
0x0000000015363000 	/System/Library/PrivateFrameworks/AppleFSCompression.framework/Versions/A/AppleFSCompression
0x0000000015363000 	/usr/lib/libOpenScriptingUtil.dylib
0x0000000015363000 	/usr/lib/libcoretls.dylib
0x0000000015363000 	/usr/lib/libcoretls_cfhelpers.dylib
0x0000000015363000 	/usr/lib/libpam.2.dylib
0x0000000015363000 	/usr/lib/libsqlite3.dylib
0x0000000015363000 	/usr/lib/libxar.1.dylib
0x0000000015363000 	/usr/lib/libbz2.1.0.dylib
0x0000000015363000 	/usr/lib/liblzma.5.dylib
0x0000000015363000 	/usr/lib/libnetwork.dylib
0x0000000015363000 	/usr/lib/libapple_nghttp2.dylib
0x0000000015363000 	/usr/lib/libpcap.A.dylib
0x0000000015363000 	/System/Library/Frameworks/CoreServices.framework/Versions/A/Frameworks/FSEvents.framework/Versions/A/FSEvents
0x0000000015363000 	/System/Library/Frameworks/CoreServices.framework/Versions/A/Frameworks/CarbonCore.framework/Versions/A/CarbonCore
0x0000000015363000 	/System/Library/Frameworks/CoreServices.framework/Versions/A/Frameworks/Metadata.framework/Versions/A/Metadata
0x0000000015363000 	/System/Library/Frameworks/CoreServices.framework/Versions/A/Frameworks/OSServices.framework/Versions/A/OSServices
0x0000000015363000 	/System/Library/Frameworks/CoreServices.framework/Versions/A/Frameworks/SearchKit.framework/Versions/A/SearchKit
0x0000000015363000 	/System/Library/Frameworks/CoreServices.framework/Versions/A/Frameworks/AE.framework/Versions/A/AE
0x0000000015363000 	/System/Library/Frameworks/CoreServices.framework/Versions/A/Frameworks/LaunchServices.framework/Versions/A/LaunchServices
0x0000000015363000 	/System/Library/Frameworks/CoreServices.framework/Versions/A/Frameworks/DictionaryServices.framework/Versions/A/DictionaryServices
0x0000000015363000 	/System/Library/Frameworks/CoreServices.framework/Versions/A/Frameworks/SharedFileList.framework/Versions/A/SharedFileList
0x0000000015363000 	/System/Library/Frameworks/NetFS.framework/Versions/A/NetFS
0x0000000015363000 	/System/Library/PrivateFrameworks/NetAuth.framework/Versions/A/NetAuth
0x0000000015363000 	/System/Library/PrivateFrameworks/login.framework/Versions/A/Frameworks/loginsupport.framework/Versions/A/loginsupport
0x0000000015363000 	/System/Library/PrivateFrameworks/TCC.framework/Versions/A/TCC
0x0000000015363000 	/System/Library/PrivateFrameworks/CoreNLP.framework/Versions/A/CoreNLP
0x0000000015363000 	/System/Library/PrivateFrameworks/MetadataUtilities.framework/Versions/A/MetadataUtilities
0x0000000015363000 	/usr/lib/libmecabra.dylib
0x0000000015363000 	/System/Library/Frameworks/ApplicationServices.framework/Versions/A/Frameworks/ATS.framework/Versions/A/ATS
0x0000000015363000 	/System/Library/Frameworks/ApplicationServices.framework/Versions/A/Frameworks/ColorSyncLegacy.framework/Versions/A/ColorSyncLegacy
0x0000000015363000 	/System/Library/Frameworks/ApplicationServices.framework/Versions/A/Frameworks/HIServices.framework/Versions/A/HIServices
0x0000000015363000 	/System/Library/Frameworks/ApplicationServices.framework/Versions/A/Frameworks/LangAnalysis.framework/Versions/A/LangAnalysis
0x0000000015363000 	/System/Library/Frameworks/ApplicationServices.framework/Versions/A/Frameworks/PrintCore.framework/Versions/A/PrintCore
0x0000000015363000 	/System/Library/Frameworks/ApplicationServices.framework/Versions/A/Frameworks/QD.framework/Versions/A/QD
0x0000000015363000 	/System/Library/Frameworks/ApplicationServices.framework/Versions/A/Frameworks/SpeechSynthesis.framework/Versions/A/SpeechSynthesis
0x0000000015363000 	/usr/lib/libcompression.dylib
0x0000000015363000 	/System/Library/Frameworks/CoreDisplay.framework/Versions/A/CoreDisplay
0x0000000015363000 	/System/Library/Frameworks/MetalPerformanceShaders.framework/Versions/A/MetalPerformanceShaders
0x0000000015363000 	/System/Library/Frameworks/Accelerate.framework/Versions/A/Frameworks/vImage.framework/Versions/A/vImage
0x0000000015363000 	/System/Library/Frameworks/Accelerate.framework/Versions/A/Frameworks/vecLib.framework/Versions/A/vecLib
0x0000000015363000 	/System/Library/Frameworks/Accelerate.framework/Versions/A/Frameworks/vecLib.framework/Versions/A/libvMisc.dylib
0x0000000015363000 	/System/Library/Frameworks/Accelerate.framework/Versions/A/Frameworks/vecLib.framework/Versions/A/libvDSP.dylib
0x0000000015363000 	/System/Library/Frameworks/Accelerate.framework/Versions/A/Frameworks/vecLib.framework/Versions/A/libBLAS.dylib
0x0000000015363000 	/System/Library/Frameworks/Accelerate.framework/Versions/A/Frameworks/vecLib.framework/Versions/A/libLAPACK.dylib
0x0000000015363000 	/System/Library/Frameworks/Accelerate.framework/Versions/A/Frameworks/vecLib.framework/Versions/A/libLinearAlgebra.dylib
0x0000000015363000 	/System/Library/Frameworks/Accelerate.framework/Versions/A/Frameworks/vecLib.framework/Versions/A/libSparseBLAS.dylib
0x0000000015363000 	/System/Library/Frameworks/Accelerate.framework/Versions/A/Frameworks/vecLib.framework/Versions/A/libQuadrature.dylib
0x0000000015363000 	/System/Library/Frameworks/Accelerate.framework/Versions/A/Frameworks/vecLib.framework/Versions/A/libBNNS.dylib
0x0000000015363000 	/System/Library/Frameworks/Accelerate.framework/Versions/A/Frameworks/vecLib.framework/Versions/A/libSparse.dylib
0x0000000015363000 	/System/Library/PrivateFrameworks/GPUWrangler.framework/Versions/A/GPUWrangler
0x0000000015363000 	/System/Library/PrivateFrameworks/IOAccelerator.framework/Versions/A/IOAccelerator
0x0000000015363000 	/System/Library/PrivateFrameworks/IOPresentment.framework/Versions/A/IOPresentment
0x0000000015363000 	/System/Library/PrivateFrameworks/DSExternalDisplay.framework/Versions/A/DSExternalDisplay
0x0000000015363000 	/System/Library/Frameworks/OpenGL.framework/Versions/A/Libraries/libCoreFSCache.dylib
0x0000000015363000 	/System/Library/Frameworks/MetalPerformanceShaders.framework/Frameworks/MPSCore.framework/Versions/A/MPSCore
0x0000000015363000 	/System/Library/Frameworks/MetalPerformanceShaders.framework/Frameworks/MPSImage.framework/Versions/A/MPSImage
0x0000000015363000 	/System/Library/Frameworks/MetalPerformanceShaders.framework/Frameworks/MPSNeuralNetwork.framework/Versions/A/MPSNeuralNetwork
0x0000000015363000 	/System/Library/Frameworks/MetalPerformanceShaders.framework/Frameworks/MPSMatrix.framework/Versions/A/MPSMatrix
0x0000000015363000 	/System/Library/Frameworks/MetalPerformanceShaders.framework/Frameworks/MPSRayIntersector.framework/Versions/A/MPSRayIntersector
0x0000000015363000 	/System/Library/PrivateFrameworks/MetalTools.framework/Versions/A/MetalTools
0x0000000015363000 	/System/Library/PrivateFrameworks/AggregateDictionary.framework/Versions/A/AggregateDictionary
0x0000000015363000 	/usr/lib/libMobileGestalt.dylib
0x0000000015363000 	/System/Library/Frameworks/CoreVideo.framework/Versions/A/CoreVideo
0x0000000015363000 	/System/Library/PrivateFrameworks/GraphVisualizer.framework/Versions/A/GraphVisualizer
0x0000000015363000 	/System/Library/PrivateFrameworks/FaceCore.framework/Versions/A/FaceCore
0x0000000015363000 	/System/Library/Frameworks/OpenCL.framework/Versions/A/OpenCL
0x0000000015363000 	/usr/lib/libFosl_dynamic.dylib
0x0000000015363000 	/System/Library/PrivateFrameworks/OTSVG.framework/Versions/A/OTSVG
0x0000000015363000 	/System/Library/Frameworks/ApplicationServices.framework/Versions/A/Frameworks/ATS.framework/Versions/A/Resources/libFontParser.dylib
0x0000000015363000 	/System/Library/Frameworks/ApplicationServices.framework/Versions/A/Frameworks/ATS.framework/Versions/A/Resources/libFontRegistry.dylib
0x0000000015363000 	/System/Library/Frameworks/ImageIO.framework/Versions/A/Resources/libJPEG.dylib
0x0000000015363000 	/System/Library/Frameworks/ImageIO.framework/Versions/A/Resources/libTIFF.dylib
0x0000000015363000 	/System/Library/Frameworks/ImageIO.framework/Versions/A/Resources/libPng.dylib
0x0000000015363000 	/System/Library/Frameworks/ImageIO.framework/Versions/A/Resources/libGIF.dylib
0x0000000015363000 	/System/Library/Frameworks/ImageIO.framework/Versions/A/Resources/libJP2.dylib
0x0000000015363000 	/System/Library/Frameworks/ImageIO.framework/Versions/A/Resources/libRadiance.dylib
0x0000000015363000 	/System/Library/PrivateFrameworks/AppleJPEG.framework/Versions/A/AppleJPEG
0x0000000015363000 	/System/Library/Frameworks/OpenGL.framework/Versions/A/Libraries/libGFXShared.dylib
0x0000000015363000 	/System/Library/Frameworks/OpenGL.framework/Versions/A/Libraries/libGLU.dylib
0x0000000015363000 	/System/Library/Frameworks/OpenGL.framework/Versions/A/Libraries/libGL.dylib
0x0000000015363000 	/System/Library/Frameworks/OpenGL.framework/Versions/A/Libraries/libGLImage.dylib
0x0000000015363000 	/System/Library/Frameworks/OpenGL.framework/Versions/A/Libraries/libCVMSPluginSupport.dylib
0x0000000015363000 	/System/Library/Frameworks/OpenGL.framework/Versions/A/Libraries/libCoreVMClient.dylib
0x0000000015363000 	/usr/lib/libcups.2.dylib
0x0000000015363000 	/System/Library/Frameworks/Kerberos.framework/Versions/A/Kerberos
0x0000000015363000 	/System/Library/Frameworks/GSS.framework/Versions/A/GSS
0x0000000015363000 	/usr/lib/libresolv.9.dylib
0x0000000015363000 	/usr/lib/libiconv.2.dylib
0x0000000015363000 	/System/Library/PrivateFrameworks/Heimdal.framework/Versions/A/Heimdal
0x0000000015363000 	/usr/lib/libheimdal-asn1.dylib
0x0000000015363000 	/System/Library/Frameworks/OpenDirectory.framework/Versions/A/OpenDirectory
0x0000000015363000 	/System/Library/PrivateFrameworks/CommonAuth.framework/Versions/A/CommonAuth
0x0000000015363000 	/System/Library/Frameworks/OpenDirectory.framework/Versions/A/Frameworks/CFOpenDirectory.framework/Versions/A/CFOpenDirectory
0x0000000015363000 	/System/Library/Frameworks/SecurityFoundation.framework/Versions/A/SecurityFoundation
0x0000000015363000 	/System/Library/PrivateFrameworks/APFS.framework/Versions/A/APFS
0x0000000015363000 	/usr/lib/libutil.dylib
0x0000000015363000 	/usr/lib/libcharset.1.dylib
0x0000000015363000 	/System/Library/PrivateFrameworks/AppleSauce.framework/Versions/A/AppleSauce
0x0000000015363000 	/System/Library/PrivateFrameworks/AssertionServices.framework/Versions/A/AssertionServices
0x0000000015363000 	/System/Library/PrivateFrameworks/BaseBoard.framework/Versions/A/BaseBoard
0x0000000015363000 	/usr/lib/libmecab.1.0.0.dylib
0x0000000015363000 	/usr/lib/libgermantok.dylib
0x0000000015363000 	/usr/lib/libThaiTokenizer.dylib
0x0000000015363000 	/usr/lib/libChineseTokenizer.dylib
0x0000000015363000 	/System/Library/PrivateFrameworks/LanguageModeling.framework/Versions/A/LanguageModeling
0x0000000015363000 	/System/Library/PrivateFrameworks/CoreEmoji.framework/Versions/A/CoreEmoji
0x0000000015363000 	/System/Library/PrivateFrameworks/Lexicon.framework/Versions/A/Lexicon
0x0000000015363000 	/System/Library/PrivateFrameworks/LinguisticData.framework/Versions/A/LinguisticData
0x0000000015363000 	/usr/lib/libcmph.dylib
0x0000000015363000 	/System/Library/Frameworks/ServiceManagement.framework/Versions/A/ServiceManagement
0x0000000015363000 	/System/Library/PrivateFrameworks/BackgroundTaskManagement.framework/Versions/A/BackgroundTaskManagement
0x0000000015363000 	/usr/lib/libxslt.1.dylib
0x0000000015363000 	/System/Library/Frameworks/Carbon.framework/Versions/A/Frameworks/Ink.framework/Versions/A/Ink
0x0000000015363000 	/System/Library/PrivateFrameworks/TextureIO.framework/Versions/A/TextureIO
0x0000000015363000 	/usr/lib/libate.dylib
0x0000000015363000 	/System/Library/PrivateFrameworks/CrashReporterSupport.framework/Versions/A/CrashReporterSupport
0x0000000015363000 	/System/Library/PrivateFrameworks/Sharing.framework/Versions/A/Sharing
0x0000000015363000 	/System/Library/PrivateFrameworks/AuthKit.framework/Versions/A/AuthKit
0x0000000015363000 	/System/Library/PrivateFrameworks/Apple80211.framework/Versions/A/Apple80211
0x0000000015363000 	/System/Library/PrivateFrameworks/CoreUtils.framework/Versions/A/CoreUtils
0x0000000015363000 	/System/Library/Frameworks/CoreWLAN.framework/Versions/A/CoreWLAN
0x0000000015363000 	/System/Library/Frameworks/IOBluetooth.framework/Versions/A/IOBluetooth
0x0000000015363000 	/System/Library/PrivateFrameworks/ProtocolBuffer.framework/Versions/A/ProtocolBuffer
0x0000000015363000 	/System/Library/PrivateFrameworks/MobileKeyBag.framework/Versions/A/MobileKeyBag
0x0000000015363000 	/System/Library/PrivateFrameworks/CorePhoneNumbers.framework/Versions/A/CorePhoneNumbers
0x0000000015363000 	/System/Library/PrivateFrameworks/AppleIDAuthSupport.framework/Versions/A/AppleIDAuthSupport
0x0000000015363000 	/System/Library/PrivateFrameworks/KeychainCircle.framework/Versions/A/KeychainCircle
0x0000000015363000 	/System/Library/PrivateFrameworks/ROCKit.framework/Versions/A/ROCKit
0x0000000015363000 	/System/Library/PrivateFrameworks/CoreWiFi.framework/Versions/A/CoreWiFi
0x0000000015363000 	/System/Library/Frameworks/CoreBluetooth.framework/Versions/A/CoreBluetooth
0x0000000015363000 	/System/Library/PrivateFrameworks/DebugSymbols.framework/Versions/A/DebugSymbols
0x0000000015363000 	/System/Library/PrivateFrameworks/CoreSymbolication.framework/Versions/A/CoreSymbolication
0x0000000015363000 	/System/Library/PrivateFrameworks/Symbolication.framework/Versions/A/Symbolication
0x0000000015363000 	/System/Library/PrivateFrameworks/SpeechRecognitionCore.framework/Versions/A/SpeechRecognitionCore
0x000000010a000000 	/Library/Java/JavaVirtualMachines/jdk1.8.0_60.jdk/Contents/Home/jre/lib/server/libjvm.dylib
0x0000000015363000 	/usr/lib/libstdc++.6.dylib
0x0000000108edc000 	/Library/Java/JavaVirtualMachines/jdk1.8.0_60.jdk/Contents/Home/jre/lib/libverify.dylib
0x0000000108eea000 	/Library/Java/JavaVirtualMachines/jdk1.8.0_60.jdk/Contents/Home/jre/lib/libjava.dylib
0x0000000108f20000 	/Library/Java/JavaVirtualMachines/jdk1.8.0_60.jdk/Contents/Home/jre/lib/libjdwp.dylib
0x0000000108f6b000 	/Library/Java/JavaVirtualMachines/jdk1.8.0_60.jdk/Contents/Home/jre/lib/libnpt.dylib
0x0000000108fb8000 	/Library/Java/JavaVirtualMachines/jdk1.8.0_60.jdk/Contents/Home/jre/lib/libzip.dylib
0x0000000015363000 	/System/Library/Frameworks/JavaVM.framework/Versions/A/Frameworks/JavaRuntimeSupport.framework/Versions/A/JavaRuntimeSupport
0x0000000015363000 	/System/Library/Frameworks/JavaVM.framework/Versions/A/Frameworks/JavaNativeFoundation.framework/Versions/A/JavaNativeFoundation
0x0000000015363000 	/System/Library/Frameworks/JavaVM.framework/Versions/A/JavaVM
0x0000000015363000 	/System/Library/Frameworks/Carbon.framework/Versions/A/Carbon
0x0000000015363000 	/System/Library/PrivateFrameworks/JavaLaunching.framework/Versions/A/JavaLaunching
0x0000000015363000 	/System/Library/Frameworks/Carbon.framework/Versions/A/Frameworks/CommonPanels.framework/Versions/A/CommonPanels
0x0000000015363000 	/System/Library/Frameworks/Carbon.framework/Versions/A/Frameworks/Help.framework/Versions/A/Help
0x0000000015363000 	/System/Library/Frameworks/Carbon.framework/Versions/A/Frameworks/ImageCapture.framework/Versions/A/ImageCapture
0x0000000015363000 	/System/Library/Frameworks/Carbon.framework/Versions/A/Frameworks/OpenScripting.framework/Versions/A/OpenScripting
0x0000000015363000 	/System/Library/Frameworks/Carbon.framework/Versions/A/Frameworks/Print.framework/Versions/A/Print
0x0000000015363000 	/System/Library/Frameworks/Carbon.framework/Versions/A/Frameworks/SecurityHI.framework/Versions/A/SecurityHI
0x0000000108ff8000 	/Library/Java/JavaVirtualMachines/jdk1.8.0_60.jdk/Contents/Home/jre/lib/libdt_socket.dylib

VM Arguments:
jvm_args: -agentlib:jdwp=transport=dt_socket,suspend=y,address=localhost:61068 -Dfile.encoding=UTF-8 
java_command: com.voicezen.subsequence.SubSequenceDemo
java_class_path (initial): /Users/gauravverma/Documents/nearbuy/string-manipulation/target/classes:/Users/gauravverma/.m2/repository/org/springframework/boot/spring-boot-starter-actuator/2.3.1.RELEASE/spring-boot-starter-actuator-2.3.1.RELEASE.jar:/Users/gauravverma/.m2/repository/org/springframework/boot/spring-boot-starter/2.3.1.RELEASE/spring-boot-starter-2.3.1.RELEASE.jar:/Users/gauravverma/.m2/repository/org/springframework/boot/spring-boot/2.3.1.RELEASE/spring-boot-2.3.1.RELEASE.jar:/Users/gauravverma/.m2/repository/org/springframework/boot/spring-boot-autoconfigure/2.3.1.RELEASE/spring-boot-autoconfigure-2.3.1.RELEASE.jar:/Users/gauravverma/.m2/repository/org/springframework/boot/spring-boot-starter-logging/2.3.1.RELEASE/spring-boot-starter-logging-2.3.1.RELEASE.jar:/Users/gauravverma/.m2/repository/ch/qos/logback/logback-classic/1.2.3/logback-classic-1.2.3.jar:/Users/gauravverma/.m2/repository/ch/qos/logback/logback-core/1.2.3/logback-core-1.2.3.jar:/Users/gauravverma/.m2/repository/org/apache/logging/log4j/log4j-to-slf4j/2.13.3/log4j-to-slf4j-2.13.3.jar:/Users/gauravverma/.m2/repository/org/apache/logging/log4j/log4j-api/2.13.3/log4j-api-2.13.3.jar:/Users/gauravverma/.m2/repository/org/slf4j/jul-to-slf4j/1.7.30/jul-to-slf4j-1.7.30.jar:/Users/gauravverma/.m2/repository/jakarta/annotation/jakarta.annotation-api/1.3.5/jakarta.annotation-api-1.3.5.jar:/Users/gauravverma/.m2/repository/org/yaml/snakeyaml/1.26/snakeyaml-1.26.jar:/Users/gauravverma/.m2/repository/org/springframework/boot/spring-boot-actuator-autoconfigure/2.3.1.RELEASE/spring-boot-actuator-autoconfigure-2.3.1.RELEASE.jar:/Users/gauravverma/.m2/repository/org/springframework/boot/spring-boot-actuator/2.3.1.RELEASE/spring-boot-actuator-2.3.1.RELEASE.jar:/Users/gauravverma/.m2/repository/com/fasterxml/jackson/core/jackson-databind/2.11.0/jackson-databind-2.11.0.jar:/Users/gauravverma/.m2/repository/com/fasterxml/jackson/core/jackson-annotations/2.11.0/jackson-annotations-2.11.0.jar:/Users/gauravver
Launcher Type: SUN_STANDARD

Environment Variables:
PATH=/usr/bin:/bin:/usr/sbin:/sbin
SHELL=/bin/bash

Signal Handlers:
SIGSEGV: [libjvm.dylib+0x5a6d31], sa_mask[0]=11111111011111110111111111111111, sa_flags=SA_ONSTACK|SA_RESTART|SA_SIGINFO
SIGBUS: [libjvm.dylib+0x5a6d31], sa_mask[0]=11111111011111110111111111111111, sa_flags=SA_RESTART|SA_SIGINFO
SIGFPE: [libjvm.dylib+0x480a4c], sa_mask[0]=11111111011111110111111111111111, sa_flags=SA_RESTART|SA_SIGINFO
SIGPIPE: [libjvm.dylib+0x480a4c], sa_mask[0]=11111111011111110111111111111111, sa_flags=SA_RESTART|SA_SIGINFO
SIGXFSZ: [libjvm.dylib+0x480a4c], sa_mask[0]=11111111011111110111111111111111, sa_flags=SA_RESTART|SA_SIGINFO
SIGILL: [libjvm.dylib+0x480a4c], sa_mask[0]=11111111011111110111111111111111, sa_flags=SA_RESTART|SA_SIGINFO
SIGUSR1: SIG_DFL, sa_mask[0]=00000000000000000000000000000000, sa_flags=none
SIGUSR2: [libjvm.dylib+0x48056a], sa_mask[0]=00100000000000000000000000000000, sa_flags=SA_RESTART|SA_SIGINFO
SIGHUP: [libjvm.dylib+0x47eb41], sa_mask[0]=11111111011111110111111111111111, sa_flags=SA_RESTART|SA_SIGINFO
SIGINT: [libjvm.dylib+0x47eb41], sa_mask[0]=11111111011111110111111111111111, sa_flags=SA_RESTART|SA_SIGINFO
SIGTERM: [libjvm.dylib+0x47eb41], sa_mask[0]=11111111011111110111111111111111, sa_flags=SA_RESTART|SA_SIGINFO
SIGQUIT: [libjvm.dylib+0x47eb41], sa_mask[0]=11111111011111110111111111111111, sa_flags=SA_RESTART|SA_SIGINFO


---------------  S Y S T E M  ---------------

OS:Bsduname:Darwin 18.2.0 Darwin Kernel Version 18.2.0: Fri Oct  5 19:41:49 PDT 2018; root:xnu-4903.221.2~2/RELEASE_X86_64 x86_64
rlimit: STACK 8192k, CORE 0k, NPROC 1418, NOFILE 10240, AS infinity
load average:2.20 2.31 2.24

CPU:total 8 (4 cores per cpu, 2 threads per core) family 6 model 70 stepping 1, cmov, cx8, fxsr, mmx, sse, sse2, sse3, ssse3, sse4.1, sse4.2, popcnt, avx, avx2, aes, clmul, erms, lzcnt, ht, tsc, tscinvbit, bmi1, bmi2

Memory: 4k page, physical 16777216k(913356k free)

/proc/meminfo:


vm_info: Java HotSpot(TM) 64-Bit Server VM (25.60-b23) for bsd-amd64 JRE (1.8.0_60-b27), built on Aug  4 2015 10:47:24 by "java_re" with gcc 4.2.1 (Based on Apple Inc. build 5658) (LLVM build 2336.11.00)

time: Wed Jul 15 15:35:19 2020
elapsed time: 326 seconds (0d 0h 5m 26s)

